<?xml version="1.0" encoding="UTF-8"?>
<!-- Generated by org.testng.reporters.JUnitReportReporter -->
<testsuite skipped="0" hostname="APUNNURI-LAP" name="Base.TngXMLTest" tests="1" failures="0" timestamp="16 Nov 2017 02:56:21 GMT" time="43.887" errors="0">
  <testcase name="testng" time="43.887" classname="Base.TngXMLTest"/>
</testsuite> <!-- Base.TngXMLTest -->
