<?xml version="1.0" encoding="UTF-8"?>
<!-- Generated by org.testng.reporters.JUnitReportReporter -->
<testsuite skipped="0" hostname="APUNNURI-LAP" name="cricket.googlecricket" tests="2" failures="0" timestamp="16 Nov 2017 02:56:21 GMT" time="29.380" errors="0">
  <testcase name="testwireless" time="15.468" classname="cricket.googlecricket"/>
  <testcase name="testcricket" time="13.912" classname="cricket.googlecricket"/>
</testsuite> <!-- cricket.googlecricket -->
